2024-03-29 12:07:41.341 [] INFO  --- [main] com.example.MainApplication[LineNumber:50]: Starting MainApplication on appledeMacBook-Pro.local with PID 12427 (/Users/apple/IdeaProjects/example/spring-web/target/classes started by apple in /Users/apple/IdeaProjects/example)
2024-03-29 12:07:41.345 [] INFO  --- [main] com.example.MainApplication[LineNumber:679]: The following profiles are active: dev
2024-03-29 12:07:42.340 [] INFO  --- [main] org.springframework.boot.web.embedded.tomcat.TomcatWebServer[LineNumber:90]: Tomcat initialized with port(s): 10001 (http)
2024-03-29 12:07:42.352 [] INFO  --- [main] org.apache.coyote.http11.Http11NioProtocol[LineNumber:173]: Initializing ProtocolHandler ["http-nio-10001"]
2024-03-29 12:07:42.360 [] INFO  --- [main] org.apache.catalina.core.StandardService[LineNumber:173]: Starting service [Tomcat]
2024-03-29 12:07:42.361 [] INFO  --- [main] org.apache.catalina.core.StandardEngine[LineNumber:173]: Starting Servlet engine: [Apache Tomcat/9.0.16]
2024-03-29 12:07:42.367 [] INFO  --- [main] org.apache.catalina.core.AprLifecycleListener[LineNumber:173]: The APR based Apache Tomcat Native library which allows optimal performance in production environments was not found on the java.library.path: [/Users/apple/Library/Java/Extensions:/Library/Java/Extensions:/Network/Library/Java/Extensions:/System/Library/Java/Extensions:/usr/lib/java:.]
2024-03-29 12:07:42.473 [] INFO  --- [main] org.apache.catalina.core.ContainerBase.[Tomcat].[localhost].[/][LineNumber:173]: Initializing Spring embedded WebApplicationContext
2024-03-29 12:07:42.473 [] INFO  --- [main] org.springframework.web.context.ContextLoader[LineNumber:296]: Root WebApplicationContext: initialization completed in 1069 ms
2024-03-29 12:07:42.685 [] INFO  --- [main] org.springframework.scheduling.concurrent.ThreadPoolTaskExecutor[LineNumber:171]: Initializing ExecutorService 'applicationTaskExecutor'
2024-03-29 12:07:42.836 [] INFO  --- [main] org.apache.coyote.http11.Http11NioProtocol[LineNumber:173]: Starting ProtocolHandler ["http-nio-10001"]
2024-03-29 12:07:42.869 [] INFO  --- [main] org.springframework.boot.web.embedded.tomcat.TomcatWebServer[LineNumber:204]: Tomcat started on port(s): 10001 (http) with context path ''
2024-03-29 12:07:42.874 [] INFO  --- [main] com.example.MainApplication[LineNumber:59]: Started MainApplication in 2.264 seconds (JVM running for 2.88)
2024-03-29 12:07:45.664 [] INFO  --- [http-nio-10001-exec-1] org.apache.catalina.core.ContainerBase.[Tomcat].[localhost].[/][LineNumber:173]: Initializing Spring DispatcherServlet 'dispatcherServlet'
2024-03-29 12:07:45.665 [] INFO  --- [http-nio-10001-exec-1] org.springframework.web.servlet.DispatcherServlet[LineNumber:524]: Initializing Servlet 'dispatcherServlet'
2024-03-29 12:07:45.670 [] INFO  --- [http-nio-10001-exec-1] org.springframework.web.servlet.DispatcherServlet[LineNumber:546]: Completed initialization in 5 ms
2024-03-29 12:07:45.693 [] INFO  --- [http-nio-10001-exec-1] com.example.controller.RequestController[LineNumber:24]: thread:http-nio-10001-exec-1,request1:1930989016
2024-03-29 15:45:03.483 [] INFO  --- [Thread-9] org.springframework.scheduling.concurrent.ThreadPoolTaskExecutor[LineNumber:208]: Shutting down ExecutorService 'applicationTaskExecutor'
2024-03-29 16:53:25.784 [] INFO  --- [main] com.example.MainApplication[LineNumber:50]: Starting MainApplication on appledeMacBook-Pro.local with PID 27300 (/Users/apple/IdeaProjects/example/spring-web/target/classes started by apple in /Users/apple/IdeaProjects/example)
2024-03-29 16:53:25.794 [] INFO  --- [main] com.example.MainApplication[LineNumber:679]: The following profiles are active: dev
2024-03-29 16:53:26.558 [] WARN  --- [main] org.mybatis.spring.mapper.ClassPathMapperScanner[LineNumber:44]: No MyBatis mapper was found in '[com.example.db1.mapper]' package. Please check your configuration.
2024-03-29 16:53:26.559 [] WARN  --- [main] org.mybatis.spring.mapper.ClassPathMapperScanner[LineNumber:44]: No MyBatis mapper was found in '[com.example.db2.mapper]' package. Please check your configuration.
2024-03-29 16:53:26.560 [] INFO  --- [main] org.springframework.context.annotation.ConfigurationClassPostProcessor[LineNumber:380]: Cannot enhance @Configuration bean definition 'dataSourceConfig' since its singleton instance has been created too early. The typical cause is a non-static @Bean method with a BeanDefinitionRegistryPostProcessor return type: Consider declaring such methods as 'static'.
2024-03-29 16:53:27.157 [] INFO  --- [main] org.springframework.boot.web.embedded.tomcat.TomcatWebServer[LineNumber:90]: Tomcat initialized with port(s): 10001 (http)
2024-03-29 16:53:27.175 [] INFO  --- [main] org.apache.coyote.http11.Http11NioProtocol[LineNumber:173]: Initializing ProtocolHandler ["http-nio-10001"]
2024-03-29 16:53:27.183 [] INFO  --- [main] org.apache.catalina.core.StandardService[LineNumber:173]: Starting service [Tomcat]
2024-03-29 16:53:27.184 [] INFO  --- [main] org.apache.catalina.core.StandardEngine[LineNumber:173]: Starting Servlet engine: [Apache Tomcat/9.0.16]
2024-03-29 16:53:27.191 [] INFO  --- [main] org.apache.catalina.core.AprLifecycleListener[LineNumber:173]: The APR based Apache Tomcat Native library which allows optimal performance in production environments was not found on the java.library.path: [/Users/apple/Library/Java/Extensions:/Library/Java/Extensions:/Network/Library/Java/Extensions:/System/Library/Java/Extensions:/usr/lib/java:.]
2024-03-29 16:53:27.290 [] INFO  --- [main] org.apache.catalina.core.ContainerBase.[Tomcat].[localhost].[/][LineNumber:173]: Initializing Spring embedded WebApplicationContext
2024-03-29 16:53:27.291 [] INFO  --- [main] org.springframework.web.context.ContextLoader[LineNumber:296]: Root WebApplicationContext: initialization completed in 1414 ms
2024-03-29 16:53:27.471 [] WARN  --- [main] o.s.boot.web.servlet.context.AnnotationConfigServletWebServerApplicationContext[LineNumber:557]: Exception encountered during context initialization - cancelling refresh attempt: org.springframework.beans.factory.BeanCreationException: Error creating bean with name 'primarySqlSessionFactory' defined in class path resource [com/example/configuration/DataSourceConfig.class]: Bean instantiation via factory method failed; nested exception is org.springframework.beans.BeanInstantiationException: Failed to instantiate [org.apache.ibatis.session.SqlSessionFactory]: Factory method 'primarySqlSessionFactory' threw exception; nested exception is java.io.FileNotFoundException: class path resource [mappers/db1/] cannot be resolved to URL because it does not exist
2024-03-29 16:53:27.471 [] INFO  --- [main] com.alibaba.druid.pool.DruidDataSource[LineNumber:2174]: {dataSource-0} closing ...
2024-03-29 16:53:27.472 [] INFO  --- [main] com.alibaba.druid.pool.DruidDataSource[LineNumber:2174]: {dataSource-0} closing ...
2024-03-29 16:53:27.474 [] INFO  --- [main] org.apache.catalina.core.StandardService[LineNumber:173]: Stopping service [Tomcat]
2024-03-29 16:53:27.514 [] INFO  --- [main] o.s.boot.autoconfigure.logging.ConditionEvaluationReportLoggingListener[LineNumber:142]: 

Error starting ApplicationContext. To display the conditions report re-run your application with 'debug' enabled.
2024-03-29 16:53:27.528 [] ERROR --- [main] org.springframework.boot.SpringApplication[LineNumber:858]: Application run failed
org.springframework.beans.factory.BeanCreationException: Error creating bean with name 'primarySqlSessionFactory' defined in class path resource [com/example/configuration/DataSourceConfig.class]: Bean instantiation via factory method failed; nested exception is org.springframework.beans.BeanInstantiationException: Failed to instantiate [org.apache.ibatis.session.SqlSessionFactory]: Factory method 'primarySqlSessionFactory' threw exception; nested exception is java.io.FileNotFoundException: class path resource [mappers/db1/] cannot be resolved to URL because it does not exist
	at org.springframework.beans.factory.support.ConstructorResolver.instantiate(ConstructorResolver.java:627)
	at org.springframework.beans.factory.support.ConstructorResolver.instantiateUsingFactoryMethod(ConstructorResolver.java:607)
	at org.springframework.beans.factory.support.AbstractAutowireCapableBeanFactory.instantiateUsingFactoryMethod(AbstractAutowireCapableBeanFactory.java:1305)
	at org.springframework.beans.factory.support.AbstractAutowireCapableBeanFactory.createBeanInstance(AbstractAutowireCapableBeanFactory.java:1144)
	at org.springframework.beans.factory.support.AbstractAutowireCapableBeanFactory.doCreateBean(AbstractAutowireCapableBeanFactory.java:555)
	at org.springframework.beans.factory.support.AbstractAutowireCapableBeanFactory.createBean(AbstractAutowireCapableBeanFactory.java:515)
	at org.springframework.beans.factory.support.AbstractBeanFactory.lambda$doGetBean$0(AbstractBeanFactory.java:320)
	at org.springframework.beans.factory.support.DefaultSingletonBeanRegistry.getSingleton(DefaultSingletonBeanRegistry.java:222)
	at org.springframework.beans.factory.support.AbstractBeanFactory.doGetBean(AbstractBeanFactory.java:318)
	at org.springframework.beans.factory.support.AbstractBeanFactory.getBean(AbstractBeanFactory.java:199)
	at org.springframework.beans.factory.support.DefaultListableBeanFactory.preInstantiateSingletons(DefaultListableBeanFactory.java:849)
	at org.springframework.context.support.AbstractApplicationContext.finishBeanFactoryInitialization(AbstractApplicationContext.java:877)
	at org.springframework.context.support.AbstractApplicationContext.refresh(AbstractApplicationContext.java:549)
	at org.springframework.boot.web.servlet.context.ServletWebServerApplicationContext.refresh(ServletWebServerApplicationContext.java:142)
	at org.springframework.boot.SpringApplication.refresh(SpringApplication.java:775)
	at org.springframework.boot.SpringApplication.refreshContext(SpringApplication.java:397)
	at org.springframework.boot.SpringApplication.run(SpringApplication.java:316)
	at org.springframework.boot.SpringApplication.run(SpringApplication.java:1260)
	at org.springframework.boot.SpringApplication.run(SpringApplication.java:1248)
	at com.example.MainApplication.main(MainApplication.java:23)
Caused by: org.springframework.beans.BeanInstantiationException: Failed to instantiate [org.apache.ibatis.session.SqlSessionFactory]: Factory method 'primarySqlSessionFactory' threw exception; nested exception is java.io.FileNotFoundException: class path resource [mappers/db1/] cannot be resolved to URL because it does not exist
	at org.springframework.beans.factory.support.SimpleInstantiationStrategy.instantiate(SimpleInstantiationStrategy.java:185)
	at org.springframework.beans.factory.support.ConstructorResolver.instantiate(ConstructorResolver.java:622)
	... 19 common frames omitted
Caused by: java.io.FileNotFoundException: class path resource [mappers/db1/] cannot be resolved to URL because it does not exist
	at org.springframework.core.io.ClassPathResource.getURL(ClassPathResource.java:195)
	at org.springframework.core.io.support.PathMatchingResourcePatternResolver.findPathMatchingResources(PathMatchingResourcePatternResolver.java:498)
	at org.springframework.core.io.support.PathMatchingResourcePatternResolver.getResources(PathMatchingResourcePatternResolver.java:298)
	at com.example.configuration.DataSourceConfig.primarySqlSessionFactory(DataSourceConfig.java:44)
	at sun.reflect.NativeMethodAccessorImpl.invoke0(Native Method)
	at sun.reflect.NativeMethodAccessorImpl.invoke(NativeMethodAccessorImpl.java:62)
	at sun.reflect.DelegatingMethodAccessorImpl.invoke(DelegatingMethodAccessorImpl.java:43)
	at java.lang.reflect.Method.invoke(Method.java:498)
	at org.springframework.beans.factory.support.SimpleInstantiationStrategy.instantiate(SimpleInstantiationStrategy.java:154)
	... 20 common frames omitted
2024-03-29 16:58:17.241 [] INFO  --- [main] com.example.MainApplication[LineNumber:50]: Starting MainApplication on appledeMacBook-Pro.local with PID 27605 (/Users/apple/IdeaProjects/example/spring-web/target/classes started by apple in /Users/apple/IdeaProjects/example)
2024-03-29 16:58:17.245 [] INFO  --- [main] com.example.MainApplication[LineNumber:679]: The following profiles are active: dev
2024-03-29 16:58:17.951 [] ERROR --- [main] org.springframework.boot.SpringApplication[LineNumber:858]: Application run failed
org.springframework.context.annotation.ConflictingBeanDefinitionException: Annotation-specified bean name 'test' for bean class [com.example.db1.mapper.Test] conflicts with existing, non-compatible bean definition of same name and class [com.example.controller.Test]
	at org.springframework.context.annotation.ClassPathBeanDefinitionScanner.checkCandidate(ClassPathBeanDefinitionScanner.java:348)
	at org.mybatis.spring.mapper.ClassPathMapperScanner.checkCandidate(ClassPathMapperScanner.java:318)
	at org.springframework.context.annotation.ClassPathBeanDefinitionScanner.doScan(ClassPathBeanDefinitionScanner.java:286)
	at org.mybatis.spring.mapper.ClassPathMapperScanner.doScan(ClassPathMapperScanner.java:205)
	at org.springframework.context.annotation.ClassPathBeanDefinitionScanner.scan(ClassPathBeanDefinitionScanner.java:253)
	at org.mybatis.spring.mapper.MapperScannerConfigurer.postProcessBeanDefinitionRegistry(MapperScannerConfigurer.java:375)
	at org.springframework.context.support.PostProcessorRegistrationDelegate.invokeBeanDefinitionRegistryPostProcessors(PostProcessorRegistrationDelegate.java:275)
	at org.springframework.context.support.PostProcessorRegistrationDelegate.invokeBeanFactoryPostProcessors(PostProcessorRegistrationDelegate.java:125)
	at org.springframework.context.support.AbstractApplicationContext.invokeBeanFactoryPostProcessors(AbstractApplicationContext.java:705)
	at org.springframework.context.support.AbstractApplicationContext.refresh(AbstractApplicationContext.java:531)
	at org.springframework.boot.web.servlet.context.ServletWebServerApplicationContext.refresh(ServletWebServerApplicationContext.java:142)
	at org.springframework.boot.SpringApplication.refresh(SpringApplication.java:775)
	at org.springframework.boot.SpringApplication.refreshContext(SpringApplication.java:397)
	at org.springframework.boot.SpringApplication.run(SpringApplication.java:316)
	at org.springframework.boot.SpringApplication.run(SpringApplication.java:1260)
	at org.springframework.boot.SpringApplication.run(SpringApplication.java:1248)
	at com.example.MainApplication.main(MainApplication.java:23)
2024-03-29 16:59:55.580 [] INFO  --- [main] com.example.MainApplication[LineNumber:50]: Starting MainApplication on appledeMacBook-Pro.local with PID 27719 (/Users/apple/IdeaProjects/example/spring-web/target/classes started by apple in /Users/apple/IdeaProjects/example)
2024-03-29 16:59:55.584 [] INFO  --- [main] com.example.MainApplication[LineNumber:679]: The following profiles are active: dev
2024-03-29 16:59:56.374 [] INFO  --- [main] org.springframework.context.annotation.ConfigurationClassPostProcessor[LineNumber:380]: Cannot enhance @Configuration bean definition 'dataSourceConfig' since its singleton instance has been created too early. The typical cause is a non-static @Bean method with a BeanDefinitionRegistryPostProcessor return type: Consider declaring such methods as 'static'.
2024-03-29 16:59:56.937 [] INFO  --- [main] org.springframework.boot.web.embedded.tomcat.TomcatWebServer[LineNumber:90]: Tomcat initialized with port(s): 10001 (http)
2024-03-29 16:59:56.954 [] INFO  --- [main] org.apache.coyote.http11.Http11NioProtocol[LineNumber:173]: Initializing ProtocolHandler ["http-nio-10001"]
2024-03-29 16:59:56.962 [] INFO  --- [main] org.apache.catalina.core.StandardService[LineNumber:173]: Starting service [Tomcat]
2024-03-29 16:59:56.963 [] INFO  --- [main] org.apache.catalina.core.StandardEngine[LineNumber:173]: Starting Servlet engine: [Apache Tomcat/9.0.16]
2024-03-29 16:59:56.970 [] INFO  --- [main] org.apache.catalina.core.AprLifecycleListener[LineNumber:173]: The APR based Apache Tomcat Native library which allows optimal performance in production environments was not found on the java.library.path: [/Users/apple/Library/Java/Extensions:/Library/Java/Extensions:/Network/Library/Java/Extensions:/System/Library/Java/Extensions:/usr/lib/java:.]
2024-03-29 16:59:57.059 [] INFO  --- [main] org.apache.catalina.core.ContainerBase.[Tomcat].[localhost].[/][LineNumber:173]: Initializing Spring embedded WebApplicationContext
2024-03-29 16:59:57.059 [] INFO  --- [main] org.springframework.web.context.ContextLoader[LineNumber:296]: Root WebApplicationContext: initialization completed in 1398 ms
2024-03-29 16:59:57.253 [] WARN  --- [main] o.s.boot.web.servlet.context.AnnotationConfigServletWebServerApplicationContext[LineNumber:557]: Exception encountered during context initialization - cancelling refresh attempt: org.springframework.beans.factory.BeanCreationException: Error creating bean with name 'primarySqlSessionFactory' defined in class path resource [com/example/configuration/DataSourceConfig.class]: Bean instantiation via factory method failed; nested exception is org.springframework.beans.BeanInstantiationException: Failed to instantiate [org.apache.ibatis.session.SqlSessionFactory]: Factory method 'primarySqlSessionFactory' threw exception; nested exception is java.io.FileNotFoundException: class path resource [mappers/db1/] cannot be resolved to URL because it does not exist
2024-03-29 16:59:57.253 [] INFO  --- [main] com.alibaba.druid.pool.DruidDataSource[LineNumber:2174]: {dataSource-0} closing ...
2024-03-29 16:59:57.254 [] INFO  --- [main] com.alibaba.druid.pool.DruidDataSource[LineNumber:2174]: {dataSource-0} closing ...
2024-03-29 16:59:57.259 [] INFO  --- [main] org.apache.catalina.core.StandardService[LineNumber:173]: Stopping service [Tomcat]
2024-03-29 16:59:57.278 [] INFO  --- [main] o.s.boot.autoconfigure.logging.ConditionEvaluationReportLoggingListener[LineNumber:142]: 

Error starting ApplicationContext. To display the conditions report re-run your application with 'debug' enabled.
2024-03-29 16:59:57.286 [] ERROR --- [main] org.springframework.boot.SpringApplication[LineNumber:858]: Application run failed
org.springframework.beans.factory.BeanCreationException: Error creating bean with name 'primarySqlSessionFactory' defined in class path resource [com/example/configuration/DataSourceConfig.class]: Bean instantiation via factory method failed; nested exception is org.springframework.beans.BeanInstantiationException: Failed to instantiate [org.apache.ibatis.session.SqlSessionFactory]: Factory method 'primarySqlSessionFactory' threw exception; nested exception is java.io.FileNotFoundException: class path resource [mappers/db1/] cannot be resolved to URL because it does not exist
	at org.springframework.beans.factory.support.ConstructorResolver.instantiate(ConstructorResolver.java:627)
	at org.springframework.beans.factory.support.ConstructorResolver.instantiateUsingFactoryMethod(ConstructorResolver.java:607)
	at org.springframework.beans.factory.support.AbstractAutowireCapableBeanFactory.instantiateUsingFactoryMethod(AbstractAutowireCapableBeanFactory.java:1305)
	at org.springframework.beans.factory.support.AbstractAutowireCapableBeanFactory.createBeanInstance(AbstractAutowireCapableBeanFactory.java:1144)
	at org.springframework.beans.factory.support.AbstractAutowireCapableBeanFactory.doCreateBean(AbstractAutowireCapableBeanFactory.java:555)
	at org.springframework.beans.factory.support.AbstractAutowireCapableBeanFactory.createBean(AbstractAutowireCapableBeanFactory.java:515)
	at org.springframework.beans.factory.support.AbstractBeanFactory.lambda$doGetBean$0(AbstractBeanFactory.java:320)
	at org.springframework.beans.factory.support.DefaultSingletonBeanRegistry.getSingleton(DefaultSingletonBeanRegistry.java:222)
	at org.springframework.beans.factory.support.AbstractBeanFactory.doGetBean(AbstractBeanFactory.java:318)
	at org.springframework.beans.factory.support.AbstractBeanFactory.getBean(AbstractBeanFactory.java:199)
	at org.springframework.beans.factory.support.DefaultListableBeanFactory.preInstantiateSingletons(DefaultListableBeanFactory.java:849)
	at org.springframework.context.support.AbstractApplicationContext.finishBeanFactoryInitialization(AbstractApplicationContext.java:877)
	at org.springframework.context.support.AbstractApplicationContext.refresh(AbstractApplicationContext.java:549)
	at org.springframework.boot.web.servlet.context.ServletWebServerApplicationContext.refresh(ServletWebServerApplicationContext.java:142)
	at org.springframework.boot.SpringApplication.refresh(SpringApplication.java:775)
	at org.springframework.boot.SpringApplication.refreshContext(SpringApplication.java:397)
	at org.springframework.boot.SpringApplication.run(SpringApplication.java:316)
	at org.springframework.boot.SpringApplication.run(SpringApplication.java:1260)
	at org.springframework.boot.SpringApplication.run(SpringApplication.java:1248)
	at com.example.MainApplication.main(MainApplication.java:23)
Caused by: org.springframework.beans.BeanInstantiationException: Failed to instantiate [org.apache.ibatis.session.SqlSessionFactory]: Factory method 'primarySqlSessionFactory' threw exception; nested exception is java.io.FileNotFoundException: class path resource [mappers/db1/] cannot be resolved to URL because it does not exist
	at org.springframework.beans.factory.support.SimpleInstantiationStrategy.instantiate(SimpleInstantiationStrategy.java:185)
	at org.springframework.beans.factory.support.ConstructorResolver.instantiate(ConstructorResolver.java:622)
	... 19 common frames omitted
Caused by: java.io.FileNotFoundException: class path resource [mappers/db1/] cannot be resolved to URL because it does not exist
	at org.springframework.core.io.ClassPathResource.getURL(ClassPathResource.java:195)
	at org.springframework.core.io.support.PathMatchingResourcePatternResolver.findPathMatchingResources(PathMatchingResourcePatternResolver.java:498)
	at org.springframework.core.io.support.PathMatchingResourcePatternResolver.getResources(PathMatchingResourcePatternResolver.java:298)
	at com.example.configuration.DataSourceConfig.primarySqlSessionFactory(DataSourceConfig.java:44)
	at sun.reflect.NativeMethodAccessorImpl.invoke0(Native Method)
	at sun.reflect.NativeMethodAccessorImpl.invoke(NativeMethodAccessorImpl.java:62)
	at sun.reflect.DelegatingMethodAccessorImpl.invoke(DelegatingMethodAccessorImpl.java:43)
	at java.lang.reflect.Method.invoke(Method.java:498)
	at org.springframework.beans.factory.support.SimpleInstantiationStrategy.instantiate(SimpleInstantiationStrategy.java:154)
	... 20 common frames omitted
2024-03-29 17:10:26.953 [] INFO  --- [main] com.example.MainApplication[LineNumber:50]: Starting MainApplication on appledeMacBook-Pro.local with PID 28304 (/Users/apple/IdeaProjects/example/spring-web/target/classes started by apple in /Users/apple/IdeaProjects/example)
2024-03-29 17:10:26.981 [] INFO  --- [main] com.example.MainApplication[LineNumber:679]: The following profiles are active: dev
2024-03-29 17:10:27.952 [] INFO  --- [main] org.springframework.context.annotation.ConfigurationClassPostProcessor[LineNumber:380]: Cannot enhance @Configuration bean definition 'dataSourceConfig' since its singleton instance has been created too early. The typical cause is a non-static @Bean method with a BeanDefinitionRegistryPostProcessor return type: Consider declaring such methods as 'static'.
2024-03-29 17:10:28.587 [] INFO  --- [main] org.springframework.boot.web.embedded.tomcat.TomcatWebServer[LineNumber:90]: Tomcat initialized with port(s): 10001 (http)
2024-03-29 17:10:28.603 [] INFO  --- [main] org.apache.coyote.http11.Http11NioProtocol[LineNumber:173]: Initializing ProtocolHandler ["http-nio-10001"]
2024-03-29 17:10:28.612 [] INFO  --- [main] org.apache.catalina.core.StandardService[LineNumber:173]: Starting service [Tomcat]
2024-03-29 17:10:28.612 [] INFO  --- [main] org.apache.catalina.core.StandardEngine[LineNumber:173]: Starting Servlet engine: [Apache Tomcat/9.0.16]
2024-03-29 17:10:28.619 [] INFO  --- [main] org.apache.catalina.core.AprLifecycleListener[LineNumber:173]: The APR based Apache Tomcat Native library which allows optimal performance in production environments was not found on the java.library.path: [/Users/apple/Library/Java/Extensions:/Library/Java/Extensions:/Network/Library/Java/Extensions:/System/Library/Java/Extensions:/usr/lib/java:.]
2024-03-29 17:10:28.710 [] INFO  --- [main] org.apache.catalina.core.ContainerBase.[Tomcat].[localhost].[/][LineNumber:173]: Initializing Spring embedded WebApplicationContext
2024-03-29 17:10:28.710 [] INFO  --- [main] org.springframework.web.context.ContextLoader[LineNumber:296]: Root WebApplicationContext: initialization completed in 1588 ms
2024-03-29 17:10:29.270 [] INFO  --- [main] org.springframework.scheduling.concurrent.ThreadPoolTaskExecutor[LineNumber:171]: Initializing ExecutorService 'applicationTaskExecutor'
2024-03-29 17:10:29.462 [] INFO  --- [main] org.apache.coyote.http11.Http11NioProtocol[LineNumber:173]: Starting ProtocolHandler ["http-nio-10001"]
2024-03-29 17:10:29.496 [] INFO  --- [main] org.springframework.boot.web.embedded.tomcat.TomcatWebServer[LineNumber:204]: Tomcat started on port(s): 10001 (http) with context path ''
2024-03-29 17:10:29.500 [] INFO  --- [main] com.example.MainApplication[LineNumber:59]: Started MainApplication in 3.45 seconds (JVM running for 4.287)
2024-03-29 17:12:29.297 [] INFO  --- [Thread-11] org.springframework.scheduling.concurrent.ThreadPoolTaskExecutor[LineNumber:208]: Shutting down ExecutorService 'applicationTaskExecutor'
2024-03-29 17:12:29.298 [] INFO  --- [Thread-11] com.alibaba.druid.pool.DruidDataSource[LineNumber:2174]: {dataSource-0} closing ...
2024-03-29 17:12:29.299 [] INFO  --- [Thread-11] com.alibaba.druid.pool.DruidDataSource[LineNumber:2174]: {dataSource-0} closing ...
2024-03-29 17:12:35.238 [] INFO  --- [main] com.example.MainApplication[LineNumber:50]: Starting MainApplication on appledeMacBook-Pro.local with PID 28429 (/Users/apple/IdeaProjects/example/spring-web/target/classes started by apple in /Users/apple/IdeaProjects/example)
2024-03-29 17:12:35.248 [] INFO  --- [main] com.example.MainApplication[LineNumber:679]: The following profiles are active: dev
2024-03-29 17:12:35.956 [] INFO  --- [main] org.springframework.context.annotation.ConfigurationClassPostProcessor[LineNumber:380]: Cannot enhance @Configuration bean definition 'dataSourceConfig' since its singleton instance has been created too early. The typical cause is a non-static @Bean method with a BeanDefinitionRegistryPostProcessor return type: Consider declaring such methods as 'static'.
2024-03-29 17:12:36.476 [] INFO  --- [main] org.springframework.boot.web.embedded.tomcat.TomcatWebServer[LineNumber:90]: Tomcat initialized with port(s): 10001 (http)
2024-03-29 17:12:36.489 [] INFO  --- [main] org.apache.coyote.http11.Http11NioProtocol[LineNumber:173]: Initializing ProtocolHandler ["http-nio-10001"]
2024-03-29 17:12:36.497 [] INFO  --- [main] org.apache.catalina.core.StandardService[LineNumber:173]: Starting service [Tomcat]
2024-03-29 17:12:36.497 [] INFO  --- [main] org.apache.catalina.core.StandardEngine[LineNumber:173]: Starting Servlet engine: [Apache Tomcat/9.0.16]
2024-03-29 17:12:36.504 [] INFO  --- [main] org.apache.catalina.core.AprLifecycleListener[LineNumber:173]: The APR based Apache Tomcat Native library which allows optimal performance in production environments was not found on the java.library.path: [/Users/apple/Library/Java/Extensions:/Library/Java/Extensions:/Network/Library/Java/Extensions:/System/Library/Java/Extensions:/usr/lib/java:.]
2024-03-29 17:12:36.576 [] INFO  --- [main] org.apache.catalina.core.ContainerBase.[Tomcat].[localhost].[/][LineNumber:173]: Initializing Spring embedded WebApplicationContext
2024-03-29 17:12:36.576 [] INFO  --- [main] org.springframework.web.context.ContextLoader[LineNumber:296]: Root WebApplicationContext: initialization completed in 1246 ms
2024-03-29 17:12:37.059 [] INFO  --- [main] org.springframework.scheduling.concurrent.ThreadPoolTaskExecutor[LineNumber:171]: Initializing ExecutorService 'applicationTaskExecutor'
2024-03-29 17:12:37.233 [] INFO  --- [main] org.apache.coyote.http11.Http11NioProtocol[LineNumber:173]: Starting ProtocolHandler ["http-nio-10001"]
2024-03-29 17:12:37.264 [] INFO  --- [main] org.springframework.boot.web.embedded.tomcat.TomcatWebServer[LineNumber:204]: Tomcat started on port(s): 10001 (http) with context path ''
2024-03-29 17:12:37.268 [] INFO  --- [main] com.example.MainApplication[LineNumber:59]: Started MainApplication in 2.751 seconds (JVM running for 3.44)
2024-03-29 17:14:13.625 [] INFO  --- [http-nio-10001-exec-1] org.apache.catalina.core.ContainerBase.[Tomcat].[localhost].[/][LineNumber:173]: Initializing Spring DispatcherServlet 'dispatcherServlet'
2024-03-29 17:14:13.626 [] INFO  --- [http-nio-10001-exec-1] org.springframework.web.servlet.DispatcherServlet[LineNumber:524]: Initializing Servlet 'dispatcherServlet'
2024-03-29 17:14:13.634 [] INFO  --- [http-nio-10001-exec-1] org.springframework.web.servlet.DispatcherServlet[LineNumber:546]: Completed initialization in 8 ms
2024-03-29 17:14:13.736 [] INFO  --- [http-nio-10001-exec-1] com.alibaba.druid.pool.DruidDataSource[LineNumber:1009]: {dataSource-1} inited
2024-03-29 17:14:13.891 [] ERROR --- [Druid-ConnectionPool-Create-729036327] com.alibaba.druid.pool.DruidDataSource[LineNumber:2948]: create connection SQLException, url: jdbc:mysql://localhost:3306/db1?useSSL=false&serverTimezone=UTC, errorCode 1045, state 28000
java.sql.SQLException: Access denied for user 'root'@'172.17.0.1' (using password: YES)
	at com.mysql.cj.jdbc.exceptions.SQLError.createSQLException(SQLError.java:129)
	at com.mysql.cj.jdbc.exceptions.SQLExceptionsMapping.translateException(SQLExceptionsMapping.java:122)
	at com.mysql.cj.jdbc.ConnectionImpl.createNewIO(ConnectionImpl.java:828)
	at com.mysql.cj.jdbc.ConnectionImpl.<init>(ConnectionImpl.java:448)
	at com.mysql.cj.jdbc.ConnectionImpl.getInstance(ConnectionImpl.java:241)
	at com.mysql.cj.jdbc.NonRegisteringDriver.connect(NonRegisteringDriver.java:198)
	at com.alibaba.druid.pool.DruidAbstractDataSource.createPhysicalConnection(DruidAbstractDataSource.java:1703)
	at com.alibaba.druid.pool.DruidAbstractDataSource.createPhysicalConnection(DruidAbstractDataSource.java:1801)
	at com.alibaba.druid.pool.DruidDataSource$CreateConnectionThread.run(DruidDataSource.java:2946)
2024-03-29 17:14:13.897 [] ERROR --- [Druid-ConnectionPool-Create-729036327] com.alibaba.druid.pool.DruidDataSource[LineNumber:2948]: create connection SQLException, url: jdbc:mysql://localhost:3306/db1?useSSL=false&serverTimezone=UTC, errorCode 1045, state 28000
java.sql.SQLException: Access denied for user 'root'@'172.17.0.1' (using password: YES)
	at com.mysql.cj.jdbc.exceptions.SQLError.createSQLException(SQLError.java:129)
	at com.mysql.cj.jdbc.exceptions.SQLExceptionsMapping.translateException(SQLExceptionsMapping.java:122)
	at com.mysql.cj.jdbc.ConnectionImpl.createNewIO(ConnectionImpl.java:828)
	at com.mysql.cj.jdbc.ConnectionImpl.<init>(ConnectionImpl.java:448)
	at com.mysql.cj.jdbc.ConnectionImpl.getInstance(ConnectionImpl.java:241)
	at com.mysql.cj.jdbc.NonRegisteringDriver.connect(NonRegisteringDriver.java:198)
	at com.alibaba.druid.pool.DruidAbstractDataSource.createPhysicalConnection(DruidAbstractDataSource.java:1703)
	at com.alibaba.druid.pool.DruidAbstractDataSource.createPhysicalConnection(DruidAbstractDataSource.java:1801)
	at com.alibaba.druid.pool.DruidDataSource$CreateConnectionThread.run(DruidDataSource.java:2946)
2024-03-29 17:14:13.897 [] INFO  --- [Druid-ConnectionPool-Create-729036327] com.alibaba.druid.pool.DruidAbstractDataSource[LineNumber:1894]: {dataSource-1} failContinuous is true
2024-03-29 17:14:14.407 [] ERROR --- [Druid-ConnectionPool-Create-729036327] com.alibaba.druid.pool.DruidDataSource[LineNumber:2948]: create connection SQLException, url: jdbc:mysql://localhost:3306/db1?useSSL=false&serverTimezone=UTC, errorCode 1045, state 28000
java.sql.SQLException: Access denied for user 'root'@'172.17.0.1' (using password: YES)
	at com.mysql.cj.jdbc.exceptions.SQLError.createSQLException(SQLError.java:129)
	at com.mysql.cj.jdbc.exceptions.SQLExceptionsMapping.translateException(SQLExceptionsMapping.java:122)
	at com.mysql.cj.jdbc.ConnectionImpl.createNewIO(ConnectionImpl.java:828)
	at com.mysql.cj.jdbc.ConnectionImpl.<init>(ConnectionImpl.java:448)
	at com.mysql.cj.jdbc.ConnectionImpl.getInstance(ConnectionImpl.java:241)
	at com.mysql.cj.jdbc.NonRegisteringDriver.connect(NonRegisteringDriver.java:198)
	at com.alibaba.druid.pool.DruidAbstractDataSource.createPhysicalConnection(DruidAbstractDataSource.java:1703)
	at com.alibaba.druid.pool.DruidAbstractDataSource.createPhysicalConnection(DruidAbstractDataSource.java:1801)
	at com.alibaba.druid.pool.DruidDataSource$CreateConnectionThread.run(DruidDataSource.java:2946)
2024-03-29 17:14:14.917 [] ERROR --- [Druid-ConnectionPool-Create-729036327] com.alibaba.druid.pool.DruidDataSource[LineNumber:2948]: create connection SQLException, url: jdbc:mysql://localhost:3306/db1?useSSL=false&serverTimezone=UTC, errorCode 1045, state 28000
java.sql.SQLException: Access denied for user 'root'@'172.17.0.1' (using password: YES)
	at com.mysql.cj.jdbc.exceptions.SQLError.createSQLException(SQLError.java:129)
	at com.mysql.cj.jdbc.exceptions.SQLExceptionsMapping.translateException(SQLExceptionsMapping.java:122)
	at com.mysql.cj.jdbc.ConnectionImpl.createNewIO(ConnectionImpl.java:828)
	at com.mysql.cj.jdbc.ConnectionImpl.<init>(ConnectionImpl.java:448)
	at com.mysql.cj.jdbc.ConnectionImpl.getInstance(ConnectionImpl.java:241)
	at com.mysql.cj.jdbc.NonRegisteringDriver.connect(NonRegisteringDriver.java:198)
	at com.alibaba.druid.pool.DruidAbstractDataSource.createPhysicalConnection(DruidAbstractDataSource.java:1703)
	at com.alibaba.druid.pool.DruidAbstractDataSource.createPhysicalConnection(DruidAbstractDataSource.java:1801)
	at com.alibaba.druid.pool.DruidDataSource$CreateConnectionThread.run(DruidDataSource.java:2946)
2024-03-29 17:14:15.427 [] ERROR --- [Druid-ConnectionPool-Create-729036327] com.alibaba.druid.pool.DruidDataSource[LineNumber:2948]: create connection SQLException, url: jdbc:mysql://localhost:3306/db1?useSSL=false&serverTimezone=UTC, errorCode 1045, state 28000
java.sql.SQLException: Access denied for user 'root'@'172.17.0.1' (using password: YES)
	at com.mysql.cj.jdbc.exceptions.SQLError.createSQLException(SQLError.java:129)
	at com.mysql.cj.jdbc.exceptions.SQLExceptionsMapping.translateException(SQLExceptionsMapping.java:122)
	at com.mysql.cj.jdbc.ConnectionImpl.createNewIO(ConnectionImpl.java:828)
	at com.mysql.cj.jdbc.ConnectionImpl.<init>(ConnectionImpl.java:448)
	at com.mysql.cj.jdbc.ConnectionImpl.getInstance(ConnectionImpl.java:241)
	at com.mysql.cj.jdbc.NonRegisteringDriver.connect(NonRegisteringDriver.java:198)
	at com.alibaba.druid.pool.DruidAbstractDataSource.createPhysicalConnection(DruidAbstractDataSource.java:1703)
	at com.alibaba.druid.pool.DruidAbstractDataSource.createPhysicalConnection(DruidAbstractDataSource.java:1801)
	at com.alibaba.druid.pool.DruidDataSource$CreateConnectionThread.run(DruidDataSource.java:2946)
2024-03-29 17:14:15.938 [] ERROR --- [Druid-ConnectionPool-Create-729036327] com.alibaba.druid.pool.DruidDataSource[LineNumber:2948]: create connection SQLException, url: jdbc:mysql://localhost:3306/db1?useSSL=false&serverTimezone=UTC, errorCode 1045, state 28000
java.sql.SQLException: Access denied for user 'root'@'172.17.0.1' (using password: YES)
	at com.mysql.cj.jdbc.exceptions.SQLError.createSQLException(SQLError.java:129)
	at com.mysql.cj.jdbc.exceptions.SQLExceptionsMapping.translateException(SQLExceptionsMapping.java:122)
	at com.mysql.cj.jdbc.ConnectionImpl.createNewIO(ConnectionImpl.java:828)
	at com.mysql.cj.jdbc.ConnectionImpl.<init>(ConnectionImpl.java:448)
	at com.mysql.cj.jdbc.ConnectionImpl.getInstance(ConnectionImpl.java:241)
	at com.mysql.cj.jdbc.NonRegisteringDriver.connect(NonRegisteringDriver.java:198)
	at com.alibaba.druid.pool.DruidAbstractDataSource.createPhysicalConnection(DruidAbstractDataSource.java:1703)
	at com.alibaba.druid.pool.DruidAbstractDataSource.createPhysicalConnection(DruidAbstractDataSource.java:1801)
	at com.alibaba.druid.pool.DruidDataSource$CreateConnectionThread.run(DruidDataSource.java:2946)
2024-03-29 17:14:16.447 [] ERROR --- [Druid-ConnectionPool-Create-729036327] com.alibaba.druid.pool.DruidDataSource[LineNumber:2948]: create connection SQLException, url: jdbc:mysql://localhost:3306/db1?useSSL=false&serverTimezone=UTC, errorCode 1045, state 28000
java.sql.SQLException: Access denied for user 'root'@'172.17.0.1' (using password: YES)
	at com.mysql.cj.jdbc.exceptions.SQLError.createSQLException(SQLError.java:129)
	at com.mysql.cj.jdbc.exceptions.SQLExceptionsMapping.translateException(SQLExceptionsMapping.java:122)
	at com.mysql.cj.jdbc.ConnectionImpl.createNewIO(ConnectionImpl.java:828)
	at com.mysql.cj.jdbc.ConnectionImpl.<init>(ConnectionImpl.java:448)
	at com.mysql.cj.jdbc.ConnectionImpl.getInstance(ConnectionImpl.java:241)
	at com.mysql.cj.jdbc.NonRegisteringDriver.connect(NonRegisteringDriver.java:198)
	at com.alibaba.druid.pool.DruidAbstractDataSource.createPhysicalConnection(DruidAbstractDataSource.java:1703)
	at com.alibaba.druid.pool.DruidAbstractDataSource.createPhysicalConnection(DruidAbstractDataSource.java:1801)
	at com.alibaba.druid.pool.DruidDataSource$CreateConnectionThread.run(DruidDataSource.java:2946)
2024-03-29 17:14:16.971 [] ERROR --- [Druid-ConnectionPool-Create-729036327] com.alibaba.druid.pool.DruidDataSource[LineNumber:2948]: create connection SQLException, url: jdbc:mysql://localhost:3306/db1?useSSL=false&serverTimezone=UTC, errorCode 1045, state 28000
java.sql.SQLException: Access denied for user 'root'@'172.17.0.1' (using password: YES)
	at com.mysql.cj.jdbc.exceptions.SQLError.createSQLException(SQLError.java:129)
	at com.mysql.cj.jdbc.exceptions.SQLExceptionsMapping.translateException(SQLExceptionsMapping.java:122)
	at com.mysql.cj.jdbc.ConnectionImpl.createNewIO(ConnectionImpl.java:828)
	at com.mysql.cj.jdbc.ConnectionImpl.<init>(ConnectionImpl.java:448)
	at com.mysql.cj.jdbc.ConnectionImpl.getInstance(ConnectionImpl.java:241)
	at com.mysql.cj.jdbc.NonRegisteringDriver.connect(NonRegisteringDriver.java:198)
	at com.alibaba.druid.pool.DruidAbstractDataSource.createPhysicalConnection(DruidAbstractDataSource.java:1703)
	at com.alibaba.druid.pool.DruidAbstractDataSource.createPhysicalConnection(DruidAbstractDataSource.java:1801)
	at com.alibaba.druid.pool.DruidDataSource$CreateConnectionThread.run(DruidDataSource.java:2946)
2024-03-29 17:14:17.479 [] ERROR --- [Druid-ConnectionPool-Create-729036327] com.alibaba.druid.pool.DruidDataSource[LineNumber:2948]: create connection SQLException, url: jdbc:mysql://localhost:3306/db1?useSSL=false&serverTimezone=UTC, errorCode 1045, state 28000
java.sql.SQLException: Access denied for user 'root'@'172.17.0.1' (using password: YES)
	at com.mysql.cj.jdbc.exceptions.SQLError.createSQLException(SQLError.java:129)
	at com.mysql.cj.jdbc.exceptions.SQLExceptionsMapping.translateException(SQLExceptionsMapping.java:122)
	at com.mysql.cj.jdbc.ConnectionImpl.createNewIO(ConnectionImpl.java:828)
	at com.mysql.cj.jdbc.ConnectionImpl.<init>(ConnectionImpl.java:448)
	at com.mysql.cj.jdbc.ConnectionImpl.getInstance(ConnectionImpl.java:241)
	at com.mysql.cj.jdbc.NonRegisteringDriver.connect(NonRegisteringDriver.java:198)
	at com.alibaba.druid.pool.DruidAbstractDataSource.createPhysicalConnection(DruidAbstractDataSource.java:1703)
	at com.alibaba.druid.pool.DruidAbstractDataSource.createPhysicalConnection(DruidAbstractDataSource.java:1801)
	at com.alibaba.druid.pool.DruidDataSource$CreateConnectionThread.run(DruidDataSource.java:2946)
2024-03-29 17:14:17.990 [] ERROR --- [Druid-ConnectionPool-Create-729036327] com.alibaba.druid.pool.DruidDataSource[LineNumber:2948]: create connection SQLException, url: jdbc:mysql://localhost:3306/db1?useSSL=false&serverTimezone=UTC, errorCode 1045, state 28000
java.sql.SQLException: Access denied for user 'root'@'172.17.0.1' (using password: YES)
	at com.mysql.cj.jdbc.exceptions.SQLError.createSQLException(SQLError.java:129)
	at com.mysql.cj.jdbc.exceptions.SQLExceptionsMapping.translateException(SQLExceptionsMapping.java:122)
	at com.mysql.cj.jdbc.ConnectionImpl.createNewIO(ConnectionImpl.java:828)
	at com.mysql.cj.jdbc.ConnectionImpl.<init>(ConnectionImpl.java:448)
	at com.mysql.cj.jdbc.ConnectionImpl.getInstance(ConnectionImpl.java:241)
	at com.mysql.cj.jdbc.NonRegisteringDriver.connect(NonRegisteringDriver.java:198)
	at com.alibaba.druid.pool.DruidAbstractDataSource.createPhysicalConnection(DruidAbstractDataSource.java:1703)
	at com.alibaba.druid.pool.DruidAbstractDataSource.createPhysicalConnection(DruidAbstractDataSource.java:1801)
	at com.alibaba.druid.pool.DruidDataSource$CreateConnectionThread.run(DruidDataSource.java:2946)
2024-03-29 17:14:18.499 [] ERROR --- [Druid-ConnectionPool-Create-729036327] com.alibaba.druid.pool.DruidDataSource[LineNumber:2948]: create connection SQLException, url: jdbc:mysql://localhost:3306/db1?useSSL=false&serverTimezone=UTC, errorCode 1045, state 28000
java.sql.SQLException: Access denied for user 'root'@'172.17.0.1' (using password: YES)
	at com.mysql.cj.jdbc.exceptions.SQLError.createSQLException(SQLError.java:129)
	at com.mysql.cj.jdbc.exceptions.SQLExceptionsMapping.translateException(SQLExceptionsMapping.java:122)
	at com.mysql.cj.jdbc.ConnectionImpl.createNewIO(ConnectionImpl.java:828)
	at com.mysql.cj.jdbc.ConnectionImpl.<init>(ConnectionImpl.java:448)
	at com.mysql.cj.jdbc.ConnectionImpl.getInstance(ConnectionImpl.java:241)
	at com.mysql.cj.jdbc.NonRegisteringDriver.connect(NonRegisteringDriver.java:198)
	at com.alibaba.druid.pool.DruidAbstractDataSource.createPhysicalConnection(DruidAbstractDataSource.java:1703)
	at com.alibaba.druid.pool.DruidAbstractDataSource.createPhysicalConnection(DruidAbstractDataSource.java:1801)
	at com.alibaba.druid.pool.DruidDataSource$CreateConnectionThread.run(DruidDataSource.java:2946)
2024-03-29 17:14:19.008 [] ERROR --- [Druid-ConnectionPool-Create-729036327] com.alibaba.druid.pool.DruidDataSource[LineNumber:2948]: create connection SQLException, url: jdbc:mysql://localhost:3306/db1?useSSL=false&serverTimezone=UTC, errorCode 1045, state 28000
java.sql.SQLException: Access denied for user 'root'@'172.17.0.1' (using password: YES)
	at com.mysql.cj.jdbc.exceptions.SQLError.createSQLException(SQLError.java:129)
	at com.mysql.cj.jdbc.exceptions.SQLExceptionsMapping.translateException(SQLExceptionsMapping.java:122)
	at com.mysql.cj.jdbc.ConnectionImpl.createNewIO(ConnectionImpl.java:828)
	at com.mysql.cj.jdbc.ConnectionImpl.<init>(ConnectionImpl.java:448)
	at com.mysql.cj.jdbc.ConnectionImpl.getInstance(ConnectionImpl.java:241)
	at com.mysql.cj.jdbc.NonRegisteringDriver.connect(NonRegisteringDriver.java:198)
	at com.alibaba.druid.pool.DruidAbstractDataSource.createPhysicalConnection(DruidAbstractDataSource.java:1703)
	at com.alibaba.druid.pool.DruidAbstractDataSource.createPhysicalConnection(DruidAbstractDataSource.java:1801)
	at com.alibaba.druid.pool.DruidDataSource$CreateConnectionThread.run(DruidDataSource.java:2946)
2024-03-29 17:14:19.519 [] ERROR --- [Druid-ConnectionPool-Create-729036327] com.alibaba.druid.pool.DruidDataSource[LineNumber:2948]: create connection SQLException, url: jdbc:mysql://localhost:3306/db1?useSSL=false&serverTimezone=UTC, errorCode 1045, state 28000
java.sql.SQLException: Access denied for user 'root'@'172.17.0.1' (using password: YES)
	at com.mysql.cj.jdbc.exceptions.SQLError.createSQLException(SQLError.java:129)
	at com.mysql.cj.jdbc.exceptions.SQLExceptionsMapping.translateException(SQLExceptionsMapping.java:122)
	at com.mysql.cj.jdbc.ConnectionImpl.createNewIO(ConnectionImpl.java:828)
	at com.mysql.cj.jdbc.ConnectionImpl.<init>(ConnectionImpl.java:448)
	at com.mysql.cj.jdbc.ConnectionImpl.getInstance(ConnectionImpl.java:241)
	at com.mysql.cj.jdbc.NonRegisteringDriver.connect(NonRegisteringDriver.java:198)
	at com.alibaba.druid.pool.DruidAbstractDataSource.createPhysicalConnection(DruidAbstractDataSource.java:1703)
	at com.alibaba.druid.pool.DruidAbstractDataSource.createPhysicalConnection(DruidAbstractDataSource.java:1801)
	at com.alibaba.druid.pool.DruidDataSource$CreateConnectionThread.run(DruidDataSource.java:2946)
2024-03-29 17:14:20.032 [] ERROR --- [Druid-ConnectionPool-Create-729036327] com.alibaba.druid.pool.DruidDataSource[LineNumber:2948]: create connection SQLException, url: jdbc:mysql://localhost:3306/db1?useSSL=false&serverTimezone=UTC, errorCode 1045, state 28000
java.sql.SQLException: Access denied for user 'root'@'172.17.0.1' (using password: YES)
	at com.mysql.cj.jdbc.exceptions.SQLError.createSQLException(SQLError.java:129)
	at com.mysql.cj.jdbc.exceptions.SQLExceptionsMapping.translateException(SQLExceptionsMapping.java:122)
	at com.mysql.cj.jdbc.ConnectionImpl.createNewIO(ConnectionImpl.java:828)
	at com.mysql.cj.jdbc.ConnectionImpl.<init>(ConnectionImpl.java:448)
	at com.mysql.cj.jdbc.ConnectionImpl.getInstance(ConnectionImpl.java:241)
	at com.mysql.cj.jdbc.NonRegisteringDriver.connect(NonRegisteringDriver.java:198)
	at com.alibaba.druid.pool.DruidAbstractDataSource.createPhysicalConnection(DruidAbstractDataSource.java:1703)
	at com.alibaba.druid.pool.DruidAbstractDataSource.createPhysicalConnection(DruidAbstractDataSource.java:1801)
	at com.alibaba.druid.pool.DruidDataSource$CreateConnectionThread.run(DruidDataSource.java:2946)
2024-03-29 17:14:20.541 [] ERROR --- [Druid-ConnectionPool-Create-729036327] com.alibaba.druid.pool.DruidDataSource[LineNumber:2948]: create connection SQLException, url: jdbc:mysql://localhost:3306/db1?useSSL=false&serverTimezone=UTC, errorCode 1045, state 28000
java.sql.SQLException: Access denied for user 'root'@'172.17.0.1' (using password: YES)
	at com.mysql.cj.jdbc.exceptions.SQLError.createSQLException(SQLError.java:129)
	at com.mysql.cj.jdbc.exceptions.SQLExceptionsMapping.translateException(SQLExceptionsMapping.java:122)
	at com.mysql.cj.jdbc.ConnectionImpl.createNewIO(ConnectionImpl.java:828)
	at com.mysql.cj.jdbc.ConnectionImpl.<init>(ConnectionImpl.java:448)
	at com.mysql.cj.jdbc.ConnectionImpl.getInstance(ConnectionImpl.java:241)
	at com.mysql.cj.jdbc.NonRegisteringDriver.connect(NonRegisteringDriver.java:198)
	at com.alibaba.druid.pool.DruidAbstractDataSource.createPhysicalConnection(DruidAbstractDataSource.java:1703)
	at com.alibaba.druid.pool.DruidAbstractDataSource.createPhysicalConnection(DruidAbstractDataSource.java:1801)
	at com.alibaba.druid.pool.DruidDataSource$CreateConnectionThread.run(DruidDataSource.java:2946)
2024-03-29 17:14:21.049 [] ERROR --- [Druid-ConnectionPool-Create-729036327] com.alibaba.druid.pool.DruidDataSource[LineNumber:2948]: create connection SQLException, url: jdbc:mysql://localhost:3306/db1?useSSL=false&serverTimezone=UTC, errorCode 1045, state 28000
java.sql.SQLException: Access denied for user 'root'@'172.17.0.1' (using password: YES)
	at com.mysql.cj.jdbc.exceptions.SQLError.createSQLException(SQLError.java:129)
	at com.mysql.cj.jdbc.exceptions.SQLExceptionsMapping.translateException(SQLExceptionsMapping.java:122)
	at com.mysql.cj.jdbc.ConnectionImpl.createNewIO(ConnectionImpl.java:828)
	at com.mysql.cj.jdbc.ConnectionImpl.<init>(ConnectionImpl.java:448)
	at com.mysql.cj.jdbc.ConnectionImpl.getInstance(ConnectionImpl.java:241)
	at com.mysql.cj.jdbc.NonRegisteringDriver.connect(NonRegisteringDriver.java:198)
	at com.alibaba.druid.pool.DruidAbstractDataSource.createPhysicalConnection(DruidAbstractDataSource.java:1703)
	at com.alibaba.druid.pool.DruidAbstractDataSource.createPhysicalConnection(DruidAbstractDataSource.java:1801)
	at com.alibaba.druid.pool.DruidDataSource$CreateConnectionThread.run(DruidDataSource.java:2946)
2024-03-29 17:14:21.561 [] ERROR --- [Druid-ConnectionPool-Create-729036327] com.alibaba.druid.pool.DruidDataSource[LineNumber:2948]: create connection SQLException, url: jdbc:mysql://localhost:3306/db1?useSSL=false&serverTimezone=UTC, errorCode 1045, state 28000
java.sql.SQLException: Access denied for user 'root'@'172.17.0.1' (using password: YES)
	at com.mysql.cj.jdbc.exceptions.SQLError.createSQLException(SQLError.java:129)
	at com.mysql.cj.jdbc.exceptions.SQLExceptionsMapping.translateException(SQLExceptionsMapping.java:122)
	at com.mysql.cj.jdbc.ConnectionImpl.createNewIO(ConnectionImpl.java:828)
	at com.mysql.cj.jdbc.ConnectionImpl.<init>(ConnectionImpl.java:448)
	at com.mysql.cj.jdbc.ConnectionImpl.getInstance(ConnectionImpl.java:241)
	at com.mysql.cj.jdbc.NonRegisteringDriver.connect(NonRegisteringDriver.java:198)
	at com.alibaba.druid.pool.DruidAbstractDataSource.createPhysicalConnection(DruidAbstractDataSource.java:1703)
	at com.alibaba.druid.pool.DruidAbstractDataSource.createPhysicalConnection(DruidAbstractDataSource.java:1801)
	at com.alibaba.druid.pool.DruidDataSource$CreateConnectionThread.run(DruidDataSource.java:2946)
2024-03-29 17:14:22.072 [] ERROR --- [Druid-ConnectionPool-Create-729036327] com.alibaba.druid.pool.DruidDataSource[LineNumber:2948]: create connection SQLException, url: jdbc:mysql://localhost:3306/db1?useSSL=false&serverTimezone=UTC, errorCode 1045, state 28000
java.sql.SQLException: Access denied for user 'root'@'172.17.0.1' (using password: YES)
	at com.mysql.cj.jdbc.exceptions.SQLError.createSQLException(SQLError.java:129)
	at com.mysql.cj.jdbc.exceptions.SQLExceptionsMapping.translateException(SQLExceptionsMapping.java:122)
	at com.mysql.cj.jdbc.ConnectionImpl.createNewIO(ConnectionImpl.java:828)
	at com.mysql.cj.jdbc.ConnectionImpl.<init>(ConnectionImpl.java:448)
	at com.mysql.cj.jdbc.ConnectionImpl.getInstance(ConnectionImpl.java:241)
	at com.mysql.cj.jdbc.NonRegisteringDriver.connect(NonRegisteringDriver.java:198)
	at com.alibaba.druid.pool.DruidAbstractDataSource.createPhysicalConnection(DruidAbstractDataSource.java:1703)
	at com.alibaba.druid.pool.DruidAbstractDataSource.createPhysicalConnection(DruidAbstractDataSource.java:1801)
	at com.alibaba.druid.pool.DruidDataSource$CreateConnectionThread.run(DruidDataSource.java:2946)
2024-03-29 17:14:22.586 [] ERROR --- [Druid-ConnectionPool-Create-729036327] com.alibaba.druid.pool.DruidDataSource[LineNumber:2948]: create connection SQLException, url: jdbc:mysql://localhost:3306/db1?useSSL=false&serverTimezone=UTC, errorCode 1045, state 28000
java.sql.SQLException: Access denied for user 'root'@'172.17.0.1' (using password: YES)
	at com.mysql.cj.jdbc.exceptions.SQLError.createSQLException(SQLError.java:129)
	at com.mysql.cj.jdbc.exceptions.SQLExceptionsMapping.translateException(SQLExceptionsMapping.java:122)
	at com.mysql.cj.jdbc.ConnectionImpl.createNewIO(ConnectionImpl.java:828)
	at com.mysql.cj.jdbc.ConnectionImpl.<init>(ConnectionImpl.java:448)
	at com.mysql.cj.jdbc.ConnectionImpl.getInstance(ConnectionImpl.java:241)
	at com.mysql.cj.jdbc.NonRegisteringDriver.connect(NonRegisteringDriver.java:198)
	at com.alibaba.druid.pool.DruidAbstractDataSource.createPhysicalConnection(DruidAbstractDataSource.java:1703)
	at com.alibaba.druid.pool.DruidAbstractDataSource.createPhysicalConnection(DruidAbstractDataSource.java:1801)
	at com.alibaba.druid.pool.DruidDataSource$CreateConnectionThread.run(DruidDataSource.java:2946)
2024-03-29 17:14:23.092 [] ERROR --- [Druid-ConnectionPool-Create-729036327] com.alibaba.druid.pool.DruidDataSource[LineNumber:2948]: create connection SQLException, url: jdbc:mysql://localhost:3306/db1?useSSL=false&serverTimezone=UTC, errorCode 1045, state 28000
java.sql.SQLException: Access denied for user 'root'@'172.17.0.1' (using password: YES)
	at com.mysql.cj.jdbc.exceptions.SQLError.createSQLException(SQLError.java:129)
	at com.mysql.cj.jdbc.exceptions.SQLExceptionsMapping.translateException(SQLExceptionsMapping.java:122)
	at com.mysql.cj.jdbc.ConnectionImpl.createNewIO(ConnectionImpl.java:828)
	at com.mysql.cj.jdbc.ConnectionImpl.<init>(ConnectionImpl.java:448)
	at com.mysql.cj.jdbc.ConnectionImpl.getInstance(ConnectionImpl.java:241)
	at com.mysql.cj.jdbc.NonRegisteringDriver.connect(NonRegisteringDriver.java:198)
	at com.alibaba.druid.pool.DruidAbstractDataSource.createPhysicalConnection(DruidAbstractDataSource.java:1703)
	at com.alibaba.druid.pool.DruidAbstractDataSource.createPhysicalConnection(DruidAbstractDataSource.java:1801)
	at com.alibaba.druid.pool.DruidDataSource$CreateConnectionThread.run(DruidDataSource.java:2946)
2024-03-29 17:14:23.604 [] ERROR --- [Druid-ConnectionPool-Create-729036327] com.alibaba.druid.pool.DruidDataSource[LineNumber:2948]: create connection SQLException, url: jdbc:mysql://localhost:3306/db1?useSSL=false&serverTimezone=UTC, errorCode 1045, state 28000
java.sql.SQLException: Access denied for user 'root'@'172.17.0.1' (using password: YES)
	at com.mysql.cj.jdbc.exceptions.SQLError.createSQLException(SQLError.java:129)
	at com.mysql.cj.jdbc.exceptions.SQLExceptionsMapping.translateException(SQLExceptionsMapping.java:122)
	at com.mysql.cj.jdbc.ConnectionImpl.createNewIO(ConnectionImpl.java:828)
	at com.mysql.cj.jdbc.ConnectionImpl.<init>(ConnectionImpl.java:448)
	at com.mysql.cj.jdbc.ConnectionImpl.getInstance(ConnectionImpl.java:241)
	at com.mysql.cj.jdbc.NonRegisteringDriver.connect(NonRegisteringDriver.java:198)
	at com.alibaba.druid.pool.DruidAbstractDataSource.createPhysicalConnection(DruidAbstractDataSource.java:1703)
	at com.alibaba.druid.pool.DruidAbstractDataSource.createPhysicalConnection(DruidAbstractDataSource.java:1801)
	at com.alibaba.druid.pool.DruidDataSource$CreateConnectionThread.run(DruidDataSource.java:2946)
2024-03-29 17:14:24.111 [] ERROR --- [Druid-ConnectionPool-Create-729036327] com.alibaba.druid.pool.DruidDataSource[LineNumber:2948]: create connection SQLException, url: jdbc:mysql://localhost:3306/db1?useSSL=false&serverTimezone=UTC, errorCode 1045, state 28000
java.sql.SQLException: Access denied for user 'root'@'172.17.0.1' (using password: YES)
	at com.mysql.cj.jdbc.exceptions.SQLError.createSQLException(SQLError.java:129)
	at com.mysql.cj.jdbc.exceptions.SQLExceptionsMapping.translateException(SQLExceptionsMapping.java:122)
	at com.mysql.cj.jdbc.ConnectionImpl.createNewIO(ConnectionImpl.java:828)
	at com.mysql.cj.jdbc.ConnectionImpl.<init>(ConnectionImpl.java:448)
	at com.mysql.cj.jdbc.ConnectionImpl.getInstance(ConnectionImpl.java:241)
	at com.mysql.cj.jdbc.NonRegisteringDriver.connect(NonRegisteringDriver.java:198)
	at com.alibaba.druid.pool.DruidAbstractDataSource.createPhysicalConnection(DruidAbstractDataSource.java:1703)
	at com.alibaba.druid.pool.DruidAbstractDataSource.createPhysicalConnection(DruidAbstractDataSource.java:1801)
	at com.alibaba.druid.pool.DruidDataSource$CreateConnectionThread.run(DruidDataSource.java:2946)
2024-03-29 17:14:24.621 [] ERROR --- [Druid-ConnectionPool-Create-729036327] com.alibaba.druid.pool.DruidDataSource[LineNumber:2948]: create connection SQLException, url: jdbc:mysql://localhost:3306/db1?useSSL=false&serverTimezone=UTC, errorCode 1045, state 28000
java.sql.SQLException: Access denied for user 'root'@'172.17.0.1' (using password: YES)
	at com.mysql.cj.jdbc.exceptions.SQLError.createSQLException(SQLError.java:129)
	at com.mysql.cj.jdbc.exceptions.SQLExceptionsMapping.translateException(SQLExceptionsMapping.java:122)
	at com.mysql.cj.jdbc.ConnectionImpl.createNewIO(ConnectionImpl.java:828)
	at com.mysql.cj.jdbc.ConnectionImpl.<init>(ConnectionImpl.java:448)
	at com.mysql.cj.jdbc.ConnectionImpl.getInstance(ConnectionImpl.java:241)
	at com.mysql.cj.jdbc.NonRegisteringDriver.connect(NonRegisteringDriver.java:198)
	at com.alibaba.druid.pool.DruidAbstractDataSource.createPhysicalConnection(DruidAbstractDataSource.java:1703)
	at com.alibaba.druid.pool.DruidAbstractDataSource.createPhysicalConnection(DruidAbstractDataSource.java:1801)
	at com.alibaba.druid.pool.DruidDataSource$CreateConnectionThread.run(DruidDataSource.java:2946)
2024-03-29 17:14:24.624 [] INFO  --- [Thread-11] org.springframework.scheduling.concurrent.ThreadPoolTaskExecutor[LineNumber:208]: Shutting down ExecutorService 'applicationTaskExecutor'
2024-03-29 17:14:24.625 [] INFO  --- [Thread-11] com.alibaba.druid.pool.DruidDataSource[LineNumber:2174]: {dataSource-0} closing ...
2024-03-29 17:14:24.625 [] INFO  --- [Thread-11] com.alibaba.druid.pool.DruidDataSource[LineNumber:2174]: {dataSource-1} closing ...
2024-03-29 17:14:24.627 [] INFO  --- [Thread-11] com.alibaba.druid.pool.DruidDataSource[LineNumber:2247]: {dataSource-1} closed
2024-03-29 17:15:09.277 [] INFO  --- [main] com.example.MainApplication[LineNumber:50]: Starting MainApplication on appledeMacBook-Pro.local with PID 28574 (/Users/apple/IdeaProjects/example/spring-web/target/classes started by apple in /Users/apple/IdeaProjects/example)
2024-03-29 17:15:09.280 [] INFO  --- [main] com.example.MainApplication[LineNumber:679]: The following profiles are active: dev
2024-03-29 17:15:09.967 [] INFO  --- [main] org.springframework.context.annotation.ConfigurationClassPostProcessor[LineNumber:380]: Cannot enhance @Configuration bean definition 'dataSourceConfig' since its singleton instance has been created too early. The typical cause is a non-static @Bean method with a BeanDefinitionRegistryPostProcessor return type: Consider declaring such methods as 'static'.
2024-03-29 17:15:10.494 [] INFO  --- [main] org.springframework.boot.web.embedded.tomcat.TomcatWebServer[LineNumber:90]: Tomcat initialized with port(s): 10001 (http)
2024-03-29 17:15:10.508 [] INFO  --- [main] org.apache.coyote.http11.Http11NioProtocol[LineNumber:173]: Initializing ProtocolHandler ["http-nio-10001"]
2024-03-29 17:15:10.516 [] INFO  --- [main] org.apache.catalina.core.StandardService[LineNumber:173]: Starting service [Tomcat]
2024-03-29 17:15:10.516 [] INFO  --- [main] org.apache.catalina.core.StandardEngine[LineNumber:173]: Starting Servlet engine: [Apache Tomcat/9.0.16]
2024-03-29 17:15:10.522 [] INFO  --- [main] org.apache.catalina.core.AprLifecycleListener[LineNumber:173]: The APR based Apache Tomcat Native library which allows optimal performance in production environments was not found on the java.library.path: [/Users/apple/Library/Java/Extensions:/Library/Java/Extensions:/Network/Library/Java/Extensions:/System/Library/Java/Extensions:/usr/lib/java:.]
2024-03-29 17:15:10.602 [] INFO  --- [main] org.apache.catalina.core.ContainerBase.[Tomcat].[localhost].[/][LineNumber:173]: Initializing Spring embedded WebApplicationContext
2024-03-29 17:15:10.602 [] INFO  --- [main] org.springframework.web.context.ContextLoader[LineNumber:296]: Root WebApplicationContext: initialization completed in 1274 ms
2024-03-29 17:15:11.091 [] INFO  --- [main] org.springframework.scheduling.concurrent.ThreadPoolTaskExecutor[LineNumber:171]: Initializing ExecutorService 'applicationTaskExecutor'
2024-03-29 17:15:11.261 [] INFO  --- [main] org.apache.coyote.http11.Http11NioProtocol[LineNumber:173]: Starting ProtocolHandler ["http-nio-10001"]
2024-03-29 17:15:11.293 [] INFO  --- [main] org.springframework.boot.web.embedded.tomcat.TomcatWebServer[LineNumber:204]: Tomcat started on port(s): 10001 (http) with context path ''
2024-03-29 17:15:11.297 [] INFO  --- [main] com.example.MainApplication[LineNumber:59]: Started MainApplication in 2.823 seconds (JVM running for 3.5)
2024-03-29 17:15:14.338 [] INFO  --- [http-nio-10001-exec-1] org.apache.catalina.core.ContainerBase.[Tomcat].[localhost].[/][LineNumber:173]: Initializing Spring DispatcherServlet 'dispatcherServlet'
2024-03-29 17:15:14.338 [] INFO  --- [http-nio-10001-exec-1] org.springframework.web.servlet.DispatcherServlet[LineNumber:524]: Initializing Servlet 'dispatcherServlet'
2024-03-29 17:15:14.345 [] INFO  --- [http-nio-10001-exec-1] org.springframework.web.servlet.DispatcherServlet[LineNumber:546]: Completed initialization in 6 ms
2024-03-29 17:15:14.422 [] INFO  --- [http-nio-10001-exec-1] com.alibaba.druid.pool.DruidDataSource[LineNumber:1009]: {dataSource-1} inited
2024-03-29 17:15:25.520 [] INFO  --- [http-nio-10001-exec-2] com.alibaba.druid.pool.DruidDataSource[LineNumber:1009]: {dataSource-2} inited
2024-03-29 17:16:14.273 [] INFO  --- [Thread-10] org.springframework.scheduling.concurrent.ThreadPoolTaskExecutor[LineNumber:208]: Shutting down ExecutorService 'applicationTaskExecutor'
2024-03-29 17:16:14.274 [] INFO  --- [Thread-10] com.alibaba.druid.pool.DruidDataSource[LineNumber:2174]: {dataSource-2} closing ...
2024-03-29 17:16:14.282 [] INFO  --- [Thread-10] com.alibaba.druid.pool.DruidDataSource[LineNumber:2247]: {dataSource-2} closed
2024-03-29 17:16:14.283 [] INFO  --- [Thread-10] com.alibaba.druid.pool.DruidDataSource[LineNumber:2174]: {dataSource-1} closing ...
2024-03-29 17:16:14.284 [] INFO  --- [Thread-10] com.alibaba.druid.pool.DruidDataSource[LineNumber:2247]: {dataSource-1} closed
2024-03-29 17:16:19.723 [] INFO  --- [main] com.example.MainApplication[LineNumber:50]: Starting MainApplication on appledeMacBook-Pro.local with PID 28646 (/Users/apple/IdeaProjects/example/spring-web/target/classes started by apple in /Users/apple/IdeaProjects/example)
2024-03-29 17:16:19.726 [] INFO  --- [main] com.example.MainApplication[LineNumber:679]: The following profiles are active: dev
2024-03-29 17:16:20.599 [] INFO  --- [main] org.springframework.context.annotation.ConfigurationClassPostProcessor[LineNumber:380]: Cannot enhance @Configuration bean definition 'dataSourceConfig' since its singleton instance has been created too early. The typical cause is a non-static @Bean method with a BeanDefinitionRegistryPostProcessor return type: Consider declaring such methods as 'static'.
2024-03-29 17:16:21.134 [] INFO  --- [main] org.springframework.boot.web.embedded.tomcat.TomcatWebServer[LineNumber:90]: Tomcat initialized with port(s): 10001 (http)
2024-03-29 17:16:21.148 [] INFO  --- [main] org.apache.coyote.http11.Http11NioProtocol[LineNumber:173]: Initializing ProtocolHandler ["http-nio-10001"]
2024-03-29 17:16:21.157 [] INFO  --- [main] org.apache.catalina.core.StandardService[LineNumber:173]: Starting service [Tomcat]
2024-03-29 17:16:21.157 [] INFO  --- [main] org.apache.catalina.core.StandardEngine[LineNumber:173]: Starting Servlet engine: [Apache Tomcat/9.0.16]
2024-03-29 17:16:21.165 [] INFO  --- [main] org.apache.catalina.core.AprLifecycleListener[LineNumber:173]: The APR based Apache Tomcat Native library which allows optimal performance in production environments was not found on the java.library.path: [/Users/apple/Library/Java/Extensions:/Library/Java/Extensions:/Network/Library/Java/Extensions:/System/Library/Java/Extensions:/usr/lib/java:.]
2024-03-29 17:16:21.273 [] INFO  --- [main] org.apache.catalina.core.ContainerBase.[Tomcat].[localhost].[/][LineNumber:173]: Initializing Spring embedded WebApplicationContext
2024-03-29 17:16:21.273 [] INFO  --- [main] org.springframework.web.context.ContextLoader[LineNumber:296]: Root WebApplicationContext: initialization completed in 1497 ms
2024-03-29 17:16:21.444 [] INFO  --- [main] com.alibaba.druid.pool.DruidDataSource[LineNumber:1009]: {dataSource-1} inited
2024-03-29 17:16:21.853 [] INFO  --- [main] org.springframework.scheduling.concurrent.ThreadPoolTaskExecutor[LineNumber:171]: Initializing ExecutorService 'applicationTaskExecutor'
2024-03-29 17:16:22.028 [] INFO  --- [main] org.apache.coyote.http11.Http11NioProtocol[LineNumber:173]: Starting ProtocolHandler ["http-nio-10001"]
2024-03-29 17:16:22.058 [] INFO  --- [main] org.springframework.boot.web.embedded.tomcat.TomcatWebServer[LineNumber:204]: Tomcat started on port(s): 10001 (http) with context path ''
2024-03-29 17:16:22.062 [] INFO  --- [main] com.example.MainApplication[LineNumber:59]: Started MainApplication in 3.041 seconds (JVM running for 3.936)
2024-03-29 17:16:44.716 [] INFO  --- [Thread-10] org.springframework.scheduling.concurrent.ThreadPoolTaskExecutor[LineNumber:208]: Shutting down ExecutorService 'applicationTaskExecutor'
2024-03-29 17:16:44.717 [] INFO  --- [Thread-10] com.alibaba.druid.pool.DruidDataSource[LineNumber:2174]: {dataSource-0} closing ...
2024-03-29 17:16:44.717 [] INFO  --- [Thread-10] com.alibaba.druid.pool.DruidDataSource[LineNumber:2174]: {dataSource-1} closing ...
2024-03-29 17:16:44.718 [] INFO  --- [Thread-10] com.alibaba.druid.pool.DruidDataSource[LineNumber:2247]: {dataSource-1} closed
2024-03-29 18:44:49.592 [] INFO  --- [main] com.example.MainApplication[LineNumber:50]: Starting MainApplication on appledeMacBook-Pro.local with PID 33191 (/Users/apple/IdeaProjects/example/spring-web/target/classes started by apple in /Users/apple/IdeaProjects/example)
2024-03-29 18:44:49.596 [] INFO  --- [main] com.example.MainApplication[LineNumber:679]: The following profiles are active: dev
2024-03-29 18:44:51.033 [] INFO  --- [main] org.springframework.boot.web.embedded.tomcat.TomcatWebServer[LineNumber:90]: Tomcat initialized with port(s): 10001 (http)
2024-03-29 18:44:51.050 [] INFO  --- [main] org.apache.coyote.http11.Http11NioProtocol[LineNumber:173]: Initializing ProtocolHandler ["http-nio-10001"]
2024-03-29 18:44:51.058 [] INFO  --- [main] org.apache.catalina.core.StandardService[LineNumber:173]: Starting service [Tomcat]
2024-03-29 18:44:51.059 [] INFO  --- [main] org.apache.catalina.core.StandardEngine[LineNumber:173]: Starting Servlet engine: [Apache Tomcat/9.0.16]
2024-03-29 18:44:51.066 [] INFO  --- [main] org.apache.catalina.core.AprLifecycleListener[LineNumber:173]: The APR based Apache Tomcat Native library which allows optimal performance in production environments was not found on the java.library.path: [/Users/apple/Library/Java/Extensions:/Library/Java/Extensions:/Network/Library/Java/Extensions:/System/Library/Java/Extensions:/usr/lib/java:.]
2024-03-29 18:44:51.151 [] INFO  --- [main] org.apache.catalina.core.ContainerBase.[Tomcat].[localhost].[/][LineNumber:173]: Initializing Spring embedded WebApplicationContext
2024-03-29 18:44:51.151 [] INFO  --- [main] org.springframework.web.context.ContextLoader[LineNumber:296]: Root WebApplicationContext: initialization completed in 1475 ms
2024-03-29 18:44:51.214 [] WARN  --- [main] o.s.boot.web.servlet.context.AnnotationConfigServletWebServerApplicationContext[LineNumber:557]: Exception encountered during context initialization - cancelling refresh attempt: org.springframework.beans.factory.UnsatisfiedDependencyException: Error creating bean with name 'DBController': Unsatisfied dependency expressed through field 'db1Mapper'; nested exception is org.springframework.beans.factory.BeanCreationException: Error creating bean with name 'testDb1Mapper' defined in file [/Users/apple/IdeaProjects/example/spring-web/target/classes/com/example/db1/mapper/TestDb1Mapper.class]: Cannot resolve reference to bean 'primarySqlSessionTemplate' while setting bean property 'sqlSessionTemplate'; nested exception is org.springframework.beans.factory.NoSuchBeanDefinitionException: No bean named 'primarySqlSessionTemplate' available
2024-03-29 18:44:51.217 [] INFO  --- [main] org.apache.catalina.core.StandardService[LineNumber:173]: Stopping service [Tomcat]
2024-03-29 18:44:51.237 [] INFO  --- [main] o.s.boot.autoconfigure.logging.ConditionEvaluationReportLoggingListener[LineNumber:142]: 

Error starting ApplicationContext. To display the conditions report re-run your application with 'debug' enabled.
2024-03-29 18:44:51.301 [] ERROR --- [main] org.springframework.boot.diagnostics.LoggingFailureAnalysisReporter[LineNumber:42]: 

***************************
APPLICATION FAILED TO START
***************************

Description:

Field db1Mapper in com.example.controller.DBController required a bean named 'primarySqlSessionTemplate' that could not be found.

The injection point has the following annotations:
	- @org.springframework.beans.factory.annotation.Autowired(required=true)


Action:

Consider defining a bean named 'primarySqlSessionTemplate' in your configuration.

2024-03-29 18:46:31.344 [] INFO  --- [main] com.example.MainApplication[LineNumber:50]: Starting MainApplication on appledeMacBook-Pro.local with PID 33283 (/Users/apple/IdeaProjects/example/spring-web/target/classes started by apple in /Users/apple/IdeaProjects/example)
2024-03-29 18:46:31.353 [] INFO  --- [main] com.example.MainApplication[LineNumber:679]: The following profiles are active: dev
2024-03-29 18:46:32.300 [] WARN  --- [main] org.mybatis.spring.mapper.ClassPathMapperScanner[LineNumber:44]: Cannot use both: sqlSessionTemplate and sqlSessionFactory together. sqlSessionFactory is ignored.
2024-03-29 18:46:32.304 [] WARN  --- [main] org.mybatis.spring.mapper.ClassPathMapperScanner[LineNumber:44]: Cannot use both: sqlSessionTemplate and sqlSessionFactory together. sqlSessionFactory is ignored.
2024-03-29 18:46:33.066 [] INFO  --- [main] org.springframework.boot.web.embedded.tomcat.TomcatWebServer[LineNumber:90]: Tomcat initialized with port(s): 10001 (http)
2024-03-29 18:46:33.083 [] INFO  --- [main] org.apache.coyote.http11.Http11NioProtocol[LineNumber:173]: Initializing ProtocolHandler ["http-nio-10001"]
2024-03-29 18:46:33.095 [] INFO  --- [main] org.apache.catalina.core.StandardService[LineNumber:173]: Starting service [Tomcat]
2024-03-29 18:46:33.095 [] INFO  --- [main] org.apache.catalina.core.StandardEngine[LineNumber:173]: Starting Servlet engine: [Apache Tomcat/9.0.16]
2024-03-29 18:46:33.102 [] INFO  --- [main] org.apache.catalina.core.AprLifecycleListener[LineNumber:173]: The APR based Apache Tomcat Native library which allows optimal performance in production environments was not found on the java.library.path: [/Users/apple/Library/Java/Extensions:/Library/Java/Extensions:/Network/Library/Java/Extensions:/System/Library/Java/Extensions:/usr/lib/java:.]
2024-03-29 18:46:33.186 [] INFO  --- [main] org.apache.catalina.core.ContainerBase.[Tomcat].[localhost].[/][LineNumber:173]: Initializing Spring embedded WebApplicationContext
2024-03-29 18:46:33.186 [] INFO  --- [main] org.springframework.web.context.ContextLoader[LineNumber:296]: Root WebApplicationContext: initialization completed in 1765 ms
2024-03-29 18:46:33.405 [] INFO  --- [main] com.alibaba.druid.pool.DruidDataSource[LineNumber:1009]: {dataSource-1} inited
2024-03-29 18:46:33.611 [] WARN  --- [main] o.s.boot.web.servlet.context.AnnotationConfigServletWebServerApplicationContext[LineNumber:557]: Exception encountered during context initialization - cancelling refresh attempt: org.springframework.beans.factory.UnsatisfiedDependencyException: Error creating bean with name 'DBController': Unsatisfied dependency expressed through field 'db1Mapper'; nested exception is org.springframework.beans.factory.BeanCreationException: Error creating bean with name 'testDb1Mapper' defined in file [/Users/apple/IdeaProjects/example/spring-web/target/classes/com/example/db1/mapper/TestDb1Mapper.class]: Cannot resolve reference to bean 'primarySqlSessionTemplate' while setting bean property 'sqlSessionTemplate'; nested exception is org.springframework.beans.factory.NoSuchBeanDefinitionException: No bean named 'primarySqlSessionTemplate' available
2024-03-29 18:46:33.611 [] INFO  --- [main] com.alibaba.druid.pool.DruidDataSource[LineNumber:2174]: {dataSource-1} closing ...
2024-03-29 18:46:33.612 [] INFO  --- [main] com.alibaba.druid.pool.DruidDataSource[LineNumber:2247]: {dataSource-1} closed
2024-03-29 18:46:33.614 [] INFO  --- [main] org.apache.catalina.core.StandardService[LineNumber:173]: Stopping service [Tomcat]
2024-03-29 18:46:33.631 [] INFO  --- [main] o.s.boot.autoconfigure.logging.ConditionEvaluationReportLoggingListener[LineNumber:142]: 

Error starting ApplicationContext. To display the conditions report re-run your application with 'debug' enabled.
2024-03-29 18:46:33.688 [] ERROR --- [main] org.springframework.boot.diagnostics.LoggingFailureAnalysisReporter[LineNumber:42]: 

***************************
APPLICATION FAILED TO START
***************************

Description:

Field db1Mapper in com.example.controller.DBController required a bean named 'primarySqlSessionTemplate' that could not be found.

The injection point has the following annotations:
	- @org.springframework.beans.factory.annotation.Autowired(required=true)


Action:

Consider defining a bean named 'primarySqlSessionTemplate' in your configuration.

2024-03-29 18:47:05.197 [] INFO  --- [main] com.example.MainApplication[LineNumber:50]: Starting MainApplication on appledeMacBook-Pro.local with PID 33317 (/Users/apple/IdeaProjects/example/spring-web/target/classes started by apple in /Users/apple/IdeaProjects/example)
2024-03-29 18:47:05.201 [] INFO  --- [main] com.example.MainApplication[LineNumber:679]: The following profiles are active: dev
2024-03-29 18:47:05.960 [] WARN  --- [main] org.mybatis.spring.mapper.ClassPathMapperScanner[LineNumber:44]: Cannot use both: sqlSessionTemplate and sqlSessionFactory together. sqlSessionFactory is ignored.
2024-03-29 18:47:05.963 [] WARN  --- [main] org.mybatis.spring.mapper.ClassPathMapperScanner[LineNumber:44]: Cannot use both: sqlSessionTemplate and sqlSessionFactory together. sqlSessionFactory is ignored.
2024-03-29 18:47:06.585 [] INFO  --- [main] org.springframework.boot.web.embedded.tomcat.TomcatWebServer[LineNumber:90]: Tomcat initialized with port(s): 10001 (http)
2024-03-29 18:47:06.597 [] INFO  --- [main] org.apache.coyote.http11.Http11NioProtocol[LineNumber:173]: Initializing ProtocolHandler ["http-nio-10001"]
2024-03-29 18:47:06.605 [] INFO  --- [main] org.apache.catalina.core.StandardService[LineNumber:173]: Starting service [Tomcat]
2024-03-29 18:47:06.606 [] INFO  --- [main] org.apache.catalina.core.StandardEngine[LineNumber:173]: Starting Servlet engine: [Apache Tomcat/9.0.16]
2024-03-29 18:47:06.613 [] INFO  --- [main] org.apache.catalina.core.AprLifecycleListener[LineNumber:173]: The APR based Apache Tomcat Native library which allows optimal performance in production environments was not found on the java.library.path: [/Users/apple/Library/Java/Extensions:/Library/Java/Extensions:/Network/Library/Java/Extensions:/System/Library/Java/Extensions:/usr/lib/java:.]
2024-03-29 18:47:06.695 [] INFO  --- [main] org.apache.catalina.core.ContainerBase.[Tomcat].[localhost].[/][LineNumber:173]: Initializing Spring embedded WebApplicationContext
2024-03-29 18:47:06.695 [] INFO  --- [main] org.springframework.web.context.ContextLoader[LineNumber:296]: Root WebApplicationContext: initialization completed in 1429 ms
2024-03-29 18:47:06.846 [] INFO  --- [main] com.alibaba.druid.pool.DruidDataSource[LineNumber:1009]: {dataSource-1} inited
2024-03-29 18:47:07.077 [] INFO  --- [main] com.alibaba.druid.pool.DruidDataSource[LineNumber:1009]: {dataSource-2} inited
2024-03-29 18:47:07.291 [] INFO  --- [main] org.springframework.scheduling.concurrent.ThreadPoolTaskExecutor[LineNumber:171]: Initializing ExecutorService 'applicationTaskExecutor'
2024-03-29 18:47:07.530 [] INFO  --- [main] org.apache.coyote.http11.Http11NioProtocol[LineNumber:173]: Starting ProtocolHandler ["http-nio-10001"]
2024-03-29 18:47:07.562 [] INFO  --- [main] org.springframework.boot.web.embedded.tomcat.TomcatWebServer[LineNumber:204]: Tomcat started on port(s): 10001 (http) with context path ''
2024-03-29 18:47:07.566 [] INFO  --- [main] com.example.MainApplication[LineNumber:59]: Started MainApplication in 3.092 seconds (JVM running for 3.786)
2024-03-29 18:47:30.113 [] INFO  --- [http-nio-10001-exec-1] org.apache.catalina.core.ContainerBase.[Tomcat].[localhost].[/][LineNumber:173]: Initializing Spring DispatcherServlet 'dispatcherServlet'
2024-03-29 18:47:30.113 [] INFO  --- [http-nio-10001-exec-1] org.springframework.web.servlet.DispatcherServlet[LineNumber:524]: Initializing Servlet 'dispatcherServlet'
2024-03-29 18:47:30.122 [] INFO  --- [http-nio-10001-exec-1] org.springframework.web.servlet.DispatcherServlet[LineNumber:546]: Completed initialization in 8 ms
2024-03-29 18:47:40.537 [] INFO  --- [Thread-11] org.springframework.scheduling.concurrent.ThreadPoolTaskExecutor[LineNumber:208]: Shutting down ExecutorService 'applicationTaskExecutor'
2024-03-29 18:47:40.538 [] INFO  --- [Thread-11] com.alibaba.druid.pool.DruidDataSource[LineNumber:2174]: {dataSource-2} closing ...
2024-03-29 18:47:40.547 [] INFO  --- [Thread-11] com.alibaba.druid.pool.DruidDataSource[LineNumber:2247]: {dataSource-2} closed
2024-03-29 18:47:40.548 [] INFO  --- [Thread-11] com.alibaba.druid.pool.DruidDataSource[LineNumber:2174]: {dataSource-1} closing ...
2024-03-29 18:47:40.549 [] INFO  --- [Thread-11] com.alibaba.druid.pool.DruidDataSource[LineNumber:2247]: {dataSource-1} closed
